<?xml version="1.0" encoding="UTF-8"?>
<!-- Generated by org.testng.reporters.JUnitReportReporter -->
<testsuite skipped="0" hostname="users-MBP.gateway" name="tests.PurchaseTest" tests="1" failures="0" timestamp="2020-04-04T23:41:33 AEDT" time="58.236" errors="0">
  <testcase name="purchaseFlowTest" time="58.236" classname="tests.PurchaseTest"/>
  <system-out/>
</testsuite> <!-- tests.PurchaseTest -->
